app/build/intermediates/manifest_merge_blame_file/debug/manifest-merger-blame-debug-report.txt
1<?xml version="1.0" encoding="utf-8"?>
2<manifest xmlns:android="http://schemas.android.com/apk/res/android"
3    package="com.example.myapplication"
4    android:versionCode="1"
5    android:versionName="1.0" >
6
7    <uses-sdk
8        android:minSdkVersion="14"
8-->src\main\AndroidManifest.xml
9        android:targetSdkVersion="29" />
9-->src\main\AndroidManifest.xml
10
11    <uses-permission android:name="android.permission.INTERNET" />
11-->src\main\AndroidManifest.xml:4:5-66
11-->src\main\AndroidManifest.xml:4:22-64
12
13    <application
13-->src\main\AndroidManifest.xml:5:5-32:19
14        android:allowBackup="true"
14-->src\main\AndroidManifest.xml:6:9-35
15        android:appComponentFactory="androidx.core.app.CoreComponentFactory"
15-->[androidx.core:core:1.1.0] AndroidManifest.xml:24:18-86
16        android:debuggable="true"
17        android:icon="@mipmap/ic_launcher"
17-->src\main\AndroidManifest.xml:7:9-43
18        android:label="@string/app_name"
18-->src\main\AndroidManifest.xml:8:9-41
19        android:roundIcon="@mipmap/ic_launcher_round"
19-->src\main\AndroidManifest.xml:9:9-54
20        android:supportsRtl="true"
20-->src\main\AndroidManifest.xml:10:9-35
21        android:testOnly="true"
22        android:theme="@style/AppTheme"
22-->src\main\AndroidManifest.xml:11:9-40
23        android:usesCleartextTraffic="true" >
23-->src\main\AndroidManifest.xml:12:9-44
24        <activity
24-->src\main\AndroidManifest.xml:13:9-21:20
25            android:name="com.example.myapplication.Splash"
25-->src\main\AndroidManifest.xml:13:19-41
26            android:theme="@style/AppTheme.noactiobbar" >
26-->src\main\AndroidManifest.xml:14:13-56
27            <intent-filter>
27-->src\main\AndroidManifest.xml:16:13-20:29
28                <action android:name="android.intent.action.MAIN" />
28-->src\main\AndroidManifest.xml:17:17-69
28-->src\main\AndroidManifest.xml:17:25-66
29
30                <category android:name="android.intent.category.LAUNCHER" />
30-->src\main\AndroidManifest.xml:19:17-77
30-->src\main\AndroidManifest.xml:19:27-74
31            </intent-filter>
32        </activity>
33        <activity
33-->src\main\AndroidManifest.xml:22:9-24:59
34            android:name="com.example.myapplication.qouran.souradetailactivity"
34-->src\main\AndroidManifest.xml:23:13-55
35            android:theme="@style/AppTheme.noactiobbar" />
35-->src\main\AndroidManifest.xml:24:13-56
36        <activity
36-->src\main\AndroidManifest.xml:25:9-27:59
37            android:name="com.example.myapplication.home"
37-->src\main\AndroidManifest.xml:26:13-33
38            android:theme="@style/AppTheme.noactiobbar" />
38-->src\main\AndroidManifest.xml:27:13-56
39        <activity
39-->src\main\AndroidManifest.xml:28:9-30:59
40            android:name="com.example.myapplication.ahadees.ahadeesfragment"
40-->src\main\AndroidManifest.xml:29:13-52
41            android:theme="@style/AppTheme.noactiobbar" />
41-->src\main\AndroidManifest.xml:30:13-56
42        <activity
42-->src\main\AndroidManifest.xml:31:9-112
43            android:name="com.example.myapplication.ahadees.ahadeesdetail"
43-->src\main\AndroidManifest.xml:31:19-56
44            android:theme="@style/AppTheme.noactiobbar" />
44-->src\main\AndroidManifest.xml:31:57-100
45    </application>
46
47</manifest>